#
# There is insufficient memory for the Java Runtime Environment to continue.
# Native memory allocation (mmap) failed to map 130023424 bytes for Failed to commit area from 0x0000000084400000 to 0x000000008c000000 of length 130023424.
# Possible reasons:
#   The system is out of physical RAM or swap space
#   The process is running with CompressedOops enabled, and the Java Heap may be blocking the growth of the native heap
# Possible solutions:
#   Reduce memory load on the system
#   Increase physical memory or swap space
#   Check if swap backing store is full
#   Decrease Java heap size (-Xmx/-Xms)
#   Decrease number of Java threads
#   Decrease Java thread stack sizes (-Xss)
#   Set larger code cache with -XX:ReservedCodeCacheSize=
# This output file may be truncated or incomplete.
#
#  Out of Memory Error (./src/hotspot/os/windows/os_windows.cpp:3301), pid=25528, tid=22688
#
# JRE version:  (11.0.11+8) (build )
# Java VM: OpenJDK 64-Bit Server VM (11.0.11+8-jvmci-21.1-b05, mixed mode, sharing, tiered, jvmci, jvmci compiler, compressed oops, g1 gc, windows-amd64)
# No core dump will be written. Minidumps are not enabled by default on client versions of Windows
#

---------------  S U M M A R Y ------------

Command Line: -XX:+UnlockExperimentalVMOptions -XX:+EnableJVMCIProduct -XX:-UnlockExperimentalVMOptions -XX:ThreadPriorityPolicy=1 -Dfile.encoding=UTF-8 hb.day0629.Work05Hotel

Host: 11th Gen Intel(R) Core(TM) i5-1135G7 @ 2.40GHz, 8 cores, 7G,  Windows 10 , 64 bit Build 19041 (10.0.19041.1023)
Time: Wed Jun 30 20:22:43 2021 대한민국 표준시 elapsed time: 0.014364 seconds (0d 0h 0m 0s)

---------------  T H R E A D  ---------------

Current thread (0x000001babdc47000):  JavaThread "Unknown thread" [_thread_in_vm, id=22688, stack(0x00000008c0000000,0x00000008c0100000)]

Stack: [0x00000008c0000000,0x00000008c0100000]
Native frames: (J=compiled Java code, j=interpreted, Vv=VM code, C=native code)
V  [jvm.dll+0x6152ea]
V  [jvm.dll+0x74e25e]
V  [jvm.dll+0x74f92f]
V  [jvm.dll+0x74fff3]
V  [jvm.dll+0x23bed8]
V  [jvm.dll+0x61252a]
V  [jvm.dll+0x607025]
V  [jvm.dll+0x2f171c]
V  [jvm.dll+0x2f15a2]
V  [jvm.dll+0x2f6256]
V  [jvm.dll+0x33ac8f]
V  [jvm.dll+0x33a6c0]
V  [jvm.dll+0x2ce9a8]
V  [jvm.dll+0x2cfaf6]
V  [jvm.dll+0x729967]
V  [jvm.dll+0x72b23f]
V  [jvm.dll+0x3479f9]
V  [jvm.dll+0x70c9c0]
V  [jvm.dll+0x3af87f]
V  [jvm.dll+0x3b1da1]
C  [jli.dll+0x520b]
C  [ucrtbase.dll+0x21bb2]
C  [KERNEL32.DLL+0x17034]
C  [ntdll.dll+0x52651]


---------------  P R O C E S S  ---------------

Threads class SMR info:
_java_thread_list=0x000001babba61e10, length=0, elements={
}

Java Threads: ( => current thread )

Other Threads:
  0x000001babdc5e000 GCTaskThread "GC Thread#0" [stack: 0x00000008c0100000,0x00000008c0200000] [id=12760]
  0x000001babdc8f000 ConcurrentGCThread "G1 Main Marker" [stack: 0x00000008c0200000,0x00000008c0300000] [id=24876]
  0x000001babdc91800 ConcurrentGCThread "G1 Conc#0" [stack: 0x00000008c0300000,0x00000008c0400000] [id=6368]

[error occurred during error reporting (printing all threads), id 0xc0000005, EXCEPTION_ACCESS_VIOLATION (0xc0000005) at pc=0x00007ffbd6cee087]

VM state:not at safepoint (not fully initialized)

VM Mutex/Monitor currently owned by a thread:  ([mutex/lock_event])
[0x000001babdc45070] Heap_lock - owner thread: 0x000001babdc47000

Heap address: 0x0000000084400000, size: 1980 MB, Compressed Oops mode: Non-zero based: 0x0000000084400000
Narrow klass base: 0x0000000000000000, Narrow klass shift: 0

GC Heap History (0 events):
No events

Deoptimization events (0 events):
No events

Classes redefined (0 events):
No events

Internal exceptions (0 events):
No events

Events (1 events):
Event: 0.011 Loaded shared library C:\bitcamp\graalvm-ce-java11-21.1.0\bin\zip.dll


Dynamic libraries:
0x00007ff7964e0000 - 0x00007ff7964ed000 	C:\bitcamp\graalvm-ce-java11-21.1.0\bin\javaw.exe
0x00007ffc1c4f0000 - 0x00007ffc1c6e5000 	C:\Windows\SYSTEM32\ntdll.dll
0x00007ffc1b240000 - 0x00007ffc1b2fd000 	C:\Windows\System32\KERNEL32.DLL
0x00007ffc19fe0000 - 0x00007ffc1a2a8000 	C:\Windows\System32\KERNELBASE.dll
0x00007ffc1a460000 - 0x00007ffc1a560000 	C:\Windows\System32\ucrtbase.dll
0x00007ffc101b0000 - 0x00007ffc101c7000 	C:\bitcamp\graalvm-ce-java11-21.1.0\bin\jli.dll
0x00007ffc0efc0000 - 0x00007ffc0efd5000 	C:\bitcamp\graalvm-ce-java11-21.1.0\bin\VCRUNTIME140.dll
0x00007ffc1ad80000 - 0x00007ffc1af20000 	C:\Windows\System32\USER32.dll
0x00007ffc19fb0000 - 0x00007ffc19fd2000 	C:\Windows\System32\win32u.dll
0x00007ffc1a980000 - 0x00007ffc1a9aa000 	C:\Windows\System32\GDI32.dll
0x00007ffc19ea0000 - 0x00007ffc19fab000 	C:\Windows\System32\gdi32full.dll
0x00007ffc1a3c0000 - 0x00007ffc1a45d000 	C:\Windows\System32\msvcp_win.dll
0x00007ffc05500000 - 0x00007ffc0579a000 	C:\Windows\WinSxS\amd64_microsoft.windows.common-controls_6595b64144ccf1df_6.0.19041.1052_none_60b8f8fd71f5e8cb\COMCTL32.dll
0x00007ffc1a570000 - 0x00007ffc1a60e000 	C:\Windows\System32\msvcrt.dll
0x00007ffc1b430000 - 0x00007ffc1b460000 	C:\Windows\System32\IMM32.DLL
0x00007ffbe90b0000 - 0x00007ffbe914b000 	C:\bitcamp\graalvm-ce-java11-21.1.0\bin\msvcp140.dll
0x00007ffbd6a10000 - 0x00007ffbd750f000 	C:\bitcamp\graalvm-ce-java11-21.1.0\bin\server\jvm.dll
0x00007ffc1afa0000 - 0x00007ffc1b04c000 	C:\Windows\System32\ADVAPI32.dll
0x00007ffc1b0d0000 - 0x00007ffc1b16b000 	C:\Windows\System32\sechost.dll
0x00007ffc1b300000 - 0x00007ffc1b42b000 	C:\Windows\System32\RPCRT4.dll
0x00007ffc1b930000 - 0x00007ffc1b938000 	C:\Windows\System32\PSAPI.DLL
0x00007ffc0e5c0000 - 0x00007ffc0e5ca000 	C:\Windows\SYSTEM32\VERSION.dll
0x00007ffc11bc0000 - 0x00007ffc11be7000 	C:\Windows\SYSTEM32\WINMM.dll
0x00007ffc11b20000 - 0x00007ffc11b29000 	C:\Windows\SYSTEM32\WSOCK32.dll
0x00007ffc1bca0000 - 0x00007ffc1bd0b000 	C:\Windows\System32\WS2_32.dll
0x00007ffc18550000 - 0x00007ffc18562000 	C:\Windows\SYSTEM32\kernel.appcore.dll
0x00007ffc107a0000 - 0x00007ffc107b0000 	C:\bitcamp\graalvm-ce-java11-21.1.0\bin\verify.dll
0x00007ffc178c0000 - 0x00007ffc17aa4000 	C:\Windows\SYSTEM32\DBGHELP.DLL
0x00007ffc11b50000 - 0x00007ffc11b7c000 	C:\Windows\SYSTEM32\dbgcore.DLL
0x00007ffc19c60000 - 0x00007ffc19ce3000 	C:\Windows\System32\bcryptPrimitives.dll
0x00007ffc0f050000 - 0x00007ffc0f078000 	C:\bitcamp\graalvm-ce-java11-21.1.0\bin\java.dll
0x00007ffc10790000 - 0x00007ffc1079a000 	C:\bitcamp\graalvm-ce-java11-21.1.0\bin\jimage.dll
0x00007ffc0f250000 - 0x00007ffc0f267000 	C:\bitcamp\graalvm-ce-java11-21.1.0\bin\zip.dll

dbghelp: loaded successfully - version: 4.0.5 - missing functions: none
symbol engine: initialized successfully - sym options: 0x614 - pdb path: .;C:\bitcamp\graalvm-ce-java11-21.1.0\bin;C:\Windows\SYSTEM32;C:\Windows\WinSxS\amd64_microsoft.windows.common-controls_6595b64144ccf1df_6.0.19041.1052_none_60b8f8fd71f5e8cb;C:\bitcamp\graalvm-ce-java11-21.1.0\bin\server

VM Arguments:
jvm_args: -XX:+UnlockExperimentalVMOptions -XX:+EnableJVMCIProduct -XX:-UnlockExperimentalVMOptions -XX:ThreadPriorityPolicy=1 -Dfile.encoding=UTF-8 
java_command: hb.day0629.Work05Hotel
java_class_path (initial): C:\Users\82103\git\bitcamp-study\java-basic\app\bin\main;C:\Users\82103\.gradle\caches\modules-2\files-2.1\com.google.guava\guava\30.0-jre\8ddbc8769f73309fe09b54c5951163f10b0d89fa\guava-30.0-jre.jar;C:\Users\82103\.gradle\caches\modules-2\files-2.1\com.google.guava\failureaccess\1.0.1\1dcf1de382a0bf95a3d8b0849546c88bac1292c9\failureaccess-1.0.1.jar;C:\Users\82103\.gradle\caches\modules-2\files-2.1\com.google.guava\listenablefuture\9999.0-empty-to-avoid-conflict-with-guava\b421526c5f297295adef1c886e5246c39d4ac629\listenablefuture-9999.0-empty-to-avoid-conflict-with-guava.jar;C:\Users\82103\.gradle\caches\modules-2\files-2.1\com.google.code.findbugs\jsr305\3.0.2\25ea2e8b0c338a877313bd4672d3fe056ea78f0d\jsr305-3.0.2.jar;C:\Users\82103\.gradle\caches\modules-2\files-2.1\org.checkerframework\checker-qual\3.5.0\2f50520c8abea66fbd8d26e481d3aef5c673b510\checker-qual-3.5.0.jar;C:\Users\82103\.gradle\caches\modules-2\files-2.1\com.google.errorprone\error_prone_annotations\2.3.4\dac170e4594de319655ffb62f41cbd6dbb5e601e\error_prone_annotations-2.3.4.jar;C:\Users\82103\.gradle\caches\modules-2\files-2.1\com.google.j2objc\j2objc-annotations\1.3\ba035118bc8bac37d7eff77700720999acd9986d\j2objc-annotations-1.3.jar
Launcher Type: SUN_STANDARD

[Global flags]
     intx CICompilerCount                          = 4                                         {product} {ergonomic}
     uint ConcGCThreads                            = 2                                         {product} {ergonomic}
     bool EnableJVMCIProduct                       = true                                {JVMCI product} {jimage}
     uint G1ConcRefinementThreads                  = 8                                         {product} {ergonomic}
   size_t G1HeapRegionSize                         = 1048576                                   {product} {ergonomic}
    uintx GCDrainStackTargetSize                   = 64                                        {product} {ergonomic}
   size_t InitialHeapSize                          = 130023424                                 {product} {ergonomic}
   size_t MarkStackSize                            = 4194304                                   {product} {ergonomic}
   size_t MaxHeapSize                              = 2076180480                                {product} {ergonomic}
   size_t MinHeapDeltaBytes                        = 1048576                                   {product} {ergonomic}
    uintx NonNMethodCodeHeapSize                   = 5836300                                {pd product} {ergonomic}
    uintx NonProfiledCodeHeapSize                  = 164854010                              {pd product} {ergonomic}
    uintx ProfiledCodeHeapSize                     = 164854010                              {pd product} {ergonomic}
    uintx ReservedCodeCacheSize                    = 335544320                              {pd product} {ergonomic}
     bool SegmentedCodeCache                       = true                                      {product} {ergonomic}
     intx ThreadPriorityPolicy                     = 1                                         {product} {jimage}
     bool UseCompressedClassPointers               = true                                 {lp64_product} {ergonomic}
     bool UseCompressedOops                        = true                                 {lp64_product} {ergonomic}
     bool UseG1GC                                  = true                                      {product} {ergonomic}
     bool UseLargePagesIndividualAllocation        = false                                  {pd product} {ergonomic}

Logging:
Log output configuration:
 #0: stdout all=warning uptime,level,tags
 #1: stderr all=off uptime,level,tags

Environment Variables:
JAVA_HOME=C:\bitcamp\graalvm-ce-java11-21.1.0
PATH=C:/bitcamp/graalvm-ce-java11-21.1.0/bin/server;C:/bitcamp/graalvm-ce-java11-21.1.0/bin;C:\bitcamp\graalvm-ce-java11-21.1.0\bin;C:\Program Files\Git\cmd;C:\Program Files\nodejs\;C:\Program Files (x86)\mingw-w64\i686-8.1.0-posix-dwarf-rt_v6-rev0\mingw32\bin;C:\bitcamp\gradle-7.0.2\bin;C:\Users\82103\anaconda3;C:\Users\82103\anaconda3\Library\mingw-w64\bin;C:\Users\82103\anaconda3\Library\usr\bin;C:\Users\82103\anaconda3\Library\bin;C:\Users\82103\anaconda3\Scripts;C:\Users\82103\AppData\Local\Microsoft\WindowsApps;C:\Users\82103\AppData\Local\atom\bin;C:\Users\82103\AppData\Local\Programs\Microsoft VS Code\bin;C:\Users\82103\AppData\Roaming\npm;C:\Program Files (x86)\ESTsoft\ALSee\x64;C:\Users\82103\eclipse\jee-latest-released\eclipse;
USERNAME=82103
OS=Windows_NT
PROCESSOR_IDENTIFIER=Intel64 Family 6 Model 140 Stepping 1, GenuineIntel



---------------  S Y S T E M  ---------------

OS: Windows 10 , 64 bit Build 19041 (10.0.19041.1023)
OS uptime: 17 days 2:36 hours

CPU:total 8 (initial active 8) (4 cores per cpu, 2 threads per core) family 6 model 140 stepping 1 microcode 0x8a, cmov, cx8, fxsr, mmx, sse, sse2, sse3, ssse3, sse4.1, sse4.2, popcnt, avx, avx2, aes, clmul, erms, 3dnowpref, lzcnt, ht, tsc, tscinvbit, bmi1, bmi2, adx, evex, sha, fma

Memory: 4k page, system-wide physical 7916M (451M free)
TotalPageFile size 32492M (AvailPageFile size 126M)
current process WorkingSet (physical memory assigned to process): 10M, peak: 10M
current process commit charge ("private bytes"): 90M, peak: 214M

vm_info: OpenJDK 64-Bit Server VM (11.0.11+8-jvmci-21.1-b05) for windows-amd64 JRE (11.0.11+8-jvmci-21.1-b05), built on Apr 12 2021 17:01:18 by "" with MS VC++ 15.9 (VS2017)

END.
